<?xml version="1.0" encoding="UTF-8" ?>
<testsuite errors="0" failures="0" hostname="LMC-026751" name="com.flatironschool.javacs.MyTreeMapTest" skipped="0" tests="11" time="0.059" timestamp="2016-08-01T18:24:51">
  <properties>
    <property name="java.vendor" value="Oracle Corporation" />
    <property name="sun.java.launcher" value="SUN_STANDARD" />
    <property name="env.XPC_SERVICE_NAME" value="0" />
    <property name="sun.management.compiler" value="HotSpot 64-Bit Tiered Compilers" />
    <property name="env.SECURITYSESSIONID" value="186a8" />
    <property name="env._system_arch" value="x86_64" />
    <property name="os.name" value="Mac OS X" />
    <property name="sun.boot.class.path" value="/Library/Java/JavaVirtualMachines/jdk1.8.0_91.jdk/Contents/Home/jre/lib/resources.jar:/Library/Java/JavaVirtualMachines/jdk1.8.0_91.jdk/Contents/Home/jre/lib/rt.jar:/Library/Java/JavaVirtualMachines/jdk1.8.0_91.jdk/Contents/Home/jre/lib/sunrsasign.jar:/Library/Java/JavaVirtualMachines/jdk1.8.0_91.jdk/Contents/Home/jre/lib/jsse.jar:/Library/Java/JavaVirtualMachines/jdk1.8.0_91.jdk/Contents/Home/jre/lib/jce.jar:/Library/Java/JavaVirtualMachines/jdk1.8.0_91.jdk/Contents/Home/jre/lib/charsets.jar:/Library/Java/JavaVirtualMachines/jdk1.8.0_91.jdk/Contents/Home/jre/lib/jfr.jar:/Library/Java/JavaVirtualMachines/jdk1.8.0_91.jdk/Contents/Home/jre/classes" />
    <property name="env.TMPDIR" value="/var/folders/4t/tzzy70rd2kd1myk429pkj9z0lbbzzr/T/" />
    <property name="env.PWD" value="/Users/yeung/cs-maps-tree-map-lab-codeU" />
    <property name="env.LANG" value="en_US.UTF-8" />
    <property name="java.vm.specification.vendor" value="Oracle Corporation" />
    <property name="ant.home" value="/usr/local/Cellar/ant/1.9.7/libexec" />
    <property name="java.runtime.version" value="1.8.0_91-b14" />
    <property name="env.Apple_PubSub_Socket_Render" value="/private/tmp/com.apple.launchd.RnijErkTB9/Render" />
    <property name="env.DISPLAY" value="/private/tmp/com.apple.launchd.8fJLGTogAE/org.macosforge.xquartz:0" />
    <property name="env.rvm_version" value="1.27.0 (latest)" />
    <property name="user.name" value="yeung" />
    <property name="env.USER" value="yeung" />
    <property name="env.SHELL" value="/bin/bash" />
    <property name="env.__CF_USER_TEXT_ENCODING" value="0x26B5FFF8:0:0" />
    <property name="env._system_type" value="Darwin" />
    <property name="env.PATH" value="/usr/local/bin:/Users/yeung/.rvm/gems/ruby-2.3.0/bin:/Users/yeung/.rvm/gems/ruby-2.3.0@global/bin:/Users/yeung/.rvm/rubies/ruby-2.3.0/bin:/Library/Frameworks/Python.framework/Versions/2.7/bin:/Library/Frameworks/Python.framework/Versions/3.5/bin:/Library/Frameworks/Python.framework/Versions/3.5/bin:/usr/bin:/bin:/usr/sbin:/sbin:/Users/yeung/.rvm/bin" />
    <property name="user.language" value="en" />
    <property name="env.rvm_prefix" value="/Users/yeung" />
    <property name="sun.boot.library.path" value="/Library/Java/JavaVirtualMachines/jdk1.8.0_91.jdk/Contents/Home/jre/lib" />
    <property name="ant.project.default-target" value="build" />
    <property name="env.XPC_FLAGS" value="0x0" />
    <property name="ant.project.name" value="JavaCS" />
    <property name="env.rvm_path" value="/Users/yeung/.rvm" />
    <property name="java.version" value="1.8.0_91" />
    <property name="env.JAVA_MAIN_CLASS_36315" value="org.apache.tools.ant.launch.Launcher" />
    <property name="user.timezone" value="" />
    <property name="sun.arch.data.model" value="64" />
    <property name="env._system_name" value="OSX" />
    <property name="http.nonProxyHosts" value="local|*.local|169.254/16|*.169.254/16" />
    <property name="java.endorsed.dirs" value="/Library/Java/JavaVirtualMachines/jdk1.8.0_91.jdk/Contents/Home/jre/lib/endorsed" />
    <property name="sun.cpu.isalist" value="" />
    <property name="sun.jnu.encoding" value="UTF-8" />
    <property name="env.rvm_bin_path" value="/Users/yeung/.rvm/bin" />
    <property name="file.encoding.pkg" value="sun.io" />
    <property name="env.SHLVL" value="3" />
    <property name="file.separator" value="/" />
    <property name="env._system_version" value="10.11" />
    <property name="java.specification.name" value="Java Platform API Specification" />
    <property name="java.class.version" value="52.0" />
    <property name="user.country" value="US" />
    <property name="ant.file.JavaCS" value="/Users/yeung/cs-maps-tree-map-lab-codeU/javacs-lab09/build.xml" />
    <property name="java.home" value="/Library/Java/JavaVirtualMachines/jdk1.8.0_91.jdk/Contents/Home/jre" />
    <property name="java.vm.info" value="mixed mode" />
    <property name="env.LOGNAME" value="yeung" />
    <property name="ant.file" value="/Users/yeung/cs-maps-tree-map-lab-codeU/javacs-lab09/build.xml" />
    <property name="os.version" value="10.11.4" />
    <property name="env.TERM_PROGRAM_VERSION" value="361.1" />
    <property name="path.separator" value=":" />
    <property name="java.vm.version" value="25.91-b14" />
    <property name="ant.library.dir" value="/usr/local/Cellar/ant/1.9.7/libexec/lib" />
    <property name="junit.output.dir" value="junit" />
    <property name="java.awt.printerjob" value="sun.lwawt.macosx.CPrinterJob" />
    <property name="env.TERM" value="xterm-256color" />
    <property name="sun.io.unicode.encoding" value="UnicodeBig" />
    <property name="awt.toolkit" value="sun.lwawt.macosx.LWCToolkit" />
    <property name="socksNonProxyHosts" value="local|*.local|169.254/16|*.169.254/16" />
    <property name="ftp.nonProxyHosts" value="local|*.local|169.254/16|*.169.254/16" />
    <property name="user.home" value="/Users/yeung" />
    <property name="target" value="1.7" />
    <property name="java.specification.vendor" value="Oracle Corporation" />
    <property name="env.TERM_PROGRAM" value="Apple_Terminal" />
    <property name="java.library.path" value="/Users/yeung/Library/Java/Extensions:/Library/Java/Extensions:/Network/Library/Java/Extensions:/System/Library/Java/Extensions:/usr/lib/java:." />
    <property name="java.vendor.url" value="http://java.oracle.com/" />
    <property name="gopherProxySet" value="false" />
    <property name="java.vm.vendor" value="Oracle Corporation" />
    <property name="java.runtime.name" value="Java(TM) SE Runtime Environment" />
    <property name="ant.version" value="Apache Ant(TM) version 1.9.7 compiled on April 9 2016" />
    <property name="java.class.path" value="/Users/yeung/cs-maps-tree-map-lab-codeU/javacs-lab09/bin:/Users/yeung/cs-maps-tree-map-lab-codeU/javacs-lab09/lib/junit-4.12.jar:/Users/yeung/cs-maps-tree-map-lab-codeU/javacs-lab09/lib/hamcrest-core-1.3.jar:/Users/yeung/cs-maps-tree-map-lab-codeU/javacs-lab09/lib/hamcrest-library-1.3.jar:/usr/local/Cellar/ant/1.9.7/libexec/lib/ant-launcher.jar:/usr/local/Cellar/ant/1.9.7/libexec/lib/ant.jar:/usr/local/Cellar/ant/1.9.7/libexec/lib/ant-junit.jar:/usr/local/Cellar/ant/1.9.7/libexec/lib/ant-junit4.jar" />
    <property name="sun.java.command" value="org.apache.tools.ant.taskdefs.optional.junit.JUnitTestRunner com.flatironschool.javacs.MyTreeMapTest skipNonTests=false filtertrace=true haltOnError=false haltOnFailure=false formatter=org.apache.tools.ant.taskdefs.optional.junit.OutErrSummaryJUnitResultFormatter showoutput=false outputtoformatters=true logfailedtests=true threadid=0 logtestlistenerevents=false formatter=org.apache.tools.ant.taskdefs.optional.junit.XMLJUnitResultFormatter,/Users/yeung/cs-maps-tree-map-lab-codeU/javacs-lab09/junit/TEST-com.flatironschool.javacs.MyTreeMapTest.xml formatter=org.apache.tools.ant.taskdefs.optional.junit.PlainJUnitResultFormatter crashfile=/Users/yeung/cs-maps-tree-map-lab-codeU/javacs-lab09/junitvmwatcher6441388209717778047.properties propsfile=/Users/yeung/cs-maps-tree-map-lab-codeU/javacs-lab09/junit4787331858924578902.properties" />
    <property name="env.TERM_SESSION_ID" value="998D32EE-BE68-4376-9BE3-AA56A5021545" />
    <property name="ant.file.type.JavaCS" value="file" />
    <property name="java.vm.specification.name" value="Java Virtual Machine Specification" />
    <property name="ant.file.type" value="file" />
    <property name="java.vm.specification.version" value="1.8" />
    <property name="sun.cpu.endian" value="little" />
    <property name="sun.os.patch.level" value="unknown" />
    <property name="env.HOME" value="/Users/yeung" />
    <property name="debuglevel" value="source,lines,vars" />
    <property name="java.io.tmpdir" value="/var/folders/4t/tzzy70rd2kd1myk429pkj9z0lbbzzr/T/" />
    <property name="java.vendor.url.bug" value="http://bugreport.sun.com/bugreport/" />
    <property name="env.SSH_AUTH_SOCK" value="/private/tmp/com.apple.launchd.rdNSC0pVcm/Listeners" />
    <property name="java.awt.graphicsenv" value="sun.awt.CGraphicsEnvironment" />
    <property name="os.arch" value="x86_64" />
    <property name="java.ext.dirs" value="/Users/yeung/Library/Java/Extensions:/Library/Java/JavaVirtualMachines/jdk1.8.0_91.jdk/Contents/Home/jre/lib/ext:/Library/Java/Extensions:/Network/Library/Java/Extensions:/System/Library/Java/Extensions:/usr/lib/java" />
    <property name="user.dir" value="/Users/yeung/cs-maps-tree-map-lab-codeU" />
    <property name="line.separator" value="&#xa;" />
    <property name="java.vm.name" value="Java HotSpot(TM) 64-Bit Server VM" />
    <property name="basedir" value="/Users/yeung/cs-maps-tree-map-lab-codeU/javacs-lab09" />
    <property name="ant.java.version" value="1.8" />
    <property name="ant.core.lib" value="/usr/local/Cellar/ant/1.9.7/libexec/lib/ant.jar" />
    <property name="source" value="1.7" />
    <property name="file.encoding" value="UTF-8" />
    <property name="java.specification.version" value="1.8" />
    <property name="ant.project.invoked-targets" value="test" />
  </properties>
  <testcase classname="com.flatironschool.javacs.MyTreeMapTest" name="testGet" time="0.004" />
  <testcase classname="com.flatironschool.javacs.MyTreeMapTest" name="testPut" time="0.001" />
  <testcase classname="com.flatironschool.javacs.MyTreeMapTest" name="testClear" time="0.0" />
  <testcase classname="com.flatironschool.javacs.MyTreeMapTest" name="testSize" time="0.0" />
  <testcase classname="com.flatironschool.javacs.MyTreeMapTest" name="testContainsKey" time="0.0" />
  <testcase classname="com.flatironschool.javacs.MyTreeMapTest" name="testContainsValue" time="0.0" />
  <testcase classname="com.flatironschool.javacs.MyTreeMapTest" name="testKeySet" time="0.0" />
  <testcase classname="com.flatironschool.javacs.MyTreeMapTest" name="testPutAll" time="0.0" />
  <testcase classname="com.flatironschool.javacs.MyTreeMapTest" name="testIsEmpty" time="0.0" />
  <testcase classname="com.flatironschool.javacs.MyTreeMapTest" name="testRemove" time="0.0" />
  <testcase classname="com.flatironschool.javacs.MyTreeMapTest" name="testValues" time="0.0" />
  <system-out><![CDATA[01
03
04
06
07
08
10
13
]]></system-out>
  <system-err><![CDATA[]]></system-err>
</testsuite>
